<?xml version="1.0" encoding="UTF-8"?>
<testng-results skipped="0" failed="0" total="1" passed="1">
  <reporter-output>
  </reporter-output>
  <suite name="Default suite" duration-ms="71237" started-at="2022-09-21T07:55:13Z" finished-at="2022-09-21T07:56:25Z">
    <groups>
    </groups>
    <test name="Default test" duration-ms="71237" started-at="2022-09-21T07:55:13Z" finished-at="2022-09-21T07:56:25Z">
      <class name="test_cases.all_in_one_hybrid">
        <test-method status="PASS" signature="LaunchApp()[pri:0, instance:test_cases.all_in_one_hybrid@28f67ac7]" name="LaunchApp" is-config="true" duration-ms="7643" started-at="2022-09-21T13:25:13Z" finished-at="2022-09-21T13:25:21Z">
          <reporter-output>
          </reporter-output>
        </test-method> <!-- LaunchApp -->
        <test-method status="PASS" signature="orangeHRMSuite()[pri:0, instance:test_cases.all_in_one_hybrid@28f67ac7]" name="orangeHRMSuite" duration-ms="63410" started-at="2022-09-21T13:25:21Z" finished-at="2022-09-21T13:26:24Z">
          <reporter-output>
          </reporter-output>
        </test-method> <!-- orangeHRMSuite -->
        <test-method status="PASS" signature="CloseApp()[pri:0, instance:test_cases.all_in_one_hybrid@28f67ac7]" name="CloseApp" is-config="true" duration-ms="166" started-at="2022-09-21T13:26:24Z" finished-at="2022-09-21T13:26:25Z">
          <reporter-output>
          </reporter-output>
        </test-method> <!-- CloseApp -->
      </class> <!-- test_cases.all_in_one_hybrid -->
    </test> <!-- Default test -->
  </suite> <!-- Default suite -->
</testng-results>
